<?xml version="1.0" encoding="UTF-8"?>
<testsuite xmlns:xsi="http://www.w3.org/2001/XMLSchema-instance" xsi:noNamespaceSchemaLocation="https://maven.apache.org/surefire/maven-surefire-plugin/xsd/surefire-test-report.xsd" version="3.0.2" name="com.cfh.examen3.Examen3ApplicationTests" time="1.152" tests="1" errors="0" skipped="0" failures="0">
  <properties>
[...]
</properties>
  <testcase name="contextLoads" classname="com.cfh.examen3.Examen3ApplicationTests" time="0.471">
    <system-out><![CDATA[02:13:14.801 [main] INFO org.springframework.test.context.support.AnnotationConfigContextLoaderUtils -- Could not detect default configuration classes for test class [com.cfh.examen3.Examen3ApplicationTests]: Examen3ApplicationTests does not declare any static, non-private, non-final, nested classes annotated with @Configuration.
02:13:14.852 [main] INFO org.springframework.boot.test.context.SpringBootTestContextBootstrapper -- Found @SpringBootConfiguration com.cfh.examen3.Examen3Application for test class com.cfh.examen3.Examen3ApplicationTests

  .   ____          _            __ _ _
 /\\ / ___'_ __ _ _(_)_ __  __ _ \ \ \ \
( ( )\___ | '_ | '_| | '_ \/ _` | \ \ \ \
 \\/  ___)| |_)| | | | | || (_| |  ) ) ) )
  '  |____| .__|_| |_|_| |_\__, | / / / /
 =========|_|==============|___/=/_/_/_/

 :: Spring Boot ::                (v3.4.1)

2025-01-20T02:13:15.112-06:00  INFO 1186204 --- [examen3] [           main] c.cfh.examen3.Examen3ApplicationTests    : Starting Examen3ApplicationTests using Java 17.0.13 with PID 1186204 (started by tyler-durden in /home/tyler-durden/tyler/examen-e3)
2025-01-20T02:13:15.113-06:00  INFO 1186204 --- [examen3] [           main] c.cfh.examen3.Examen3ApplicationTests    : No active profile set, falling back to 1 default profile: "default"
2025-01-20T02:13:15.363-06:00  INFO 1186204 --- [examen3] [           main] c.cfh.examen3.Examen3ApplicationTests    : Started Examen3ApplicationTests in 0.441 seconds (process running for 0.963)
]]></system-out>
  </testcase>
</testsuite>